<?xml version="1.0" encoding="UTF-8"?>
<testsuite name="chat.project.ProjectApplicationTests" tests="1" skipped="0" failures="0" errors="0" timestamp="2022-08-05T13:32:22" hostname="yutaegecBookPro" time="0.533">
  <properties/>
  <testcase name="contextLoads()" classname="chat.project.ProjectApplicationTests" time="0.533"/>
  <system-out><![CDATA[22:32:14.052 [Test worker] DEBUG org.springframework.test.context.BootstrapUtils - Instantiating CacheAwareContextLoaderDelegate from class [org.springframework.test.context.cache.DefaultCacheAwareContextLoaderDelegate]
22:32:14.076 [Test worker] DEBUG org.springframework.test.context.BootstrapUtils - Instantiating BootstrapContext using constructor [public org.springframework.test.context.support.DefaultBootstrapContext(java.lang.Class,org.springframework.test.context.CacheAwareContextLoaderDelegate)]
22:32:14.269 [Test worker] DEBUG org.springframework.test.context.BootstrapUtils - Instantiating TestContextBootstrapper for test class [chat.project.ProjectApplicationTests] from class [org.springframework.boot.test.context.SpringBootTestContextBootstrapper]
22:32:14.287 [Test worker] INFO org.springframework.boot.test.context.SpringBootTestContextBootstrapper - Neither @ContextConfiguration nor @ContextHierarchy found for test class [chat.project.ProjectApplicationTests], using SpringBootContextLoader
22:32:14.303 [Test worker] DEBUG org.springframework.test.context.support.AbstractContextLoader - Did not detect default resource location for test class [chat.project.ProjectApplicationTests]: class path resource [chat/project/ProjectApplicationTests-context.xml] does not exist
22:32:14.304 [Test worker] DEBUG org.springframework.test.context.support.AbstractContextLoader - Did not detect default resource location for test class [chat.project.ProjectApplicationTests]: class path resource [chat/project/ProjectApplicationTestsContext.groovy] does not exist
22:32:14.305 [Test worker] INFO org.springframework.test.context.support.AbstractContextLoader - Could not detect default resource locations for test class [chat.project.ProjectApplicationTests]: no resource found for suffixes {-context.xml, Context.groovy}.
22:32:14.307 [Test worker] INFO org.springframework.test.context.support.AnnotationConfigContextLoaderUtils - Could not detect default configuration classes for test class [chat.project.ProjectApplicationTests]: ProjectApplicationTests does not declare any static, non-private, non-final, nested classes annotated with @Configuration.
22:32:14.412 [Test worker] DEBUG org.springframework.test.context.support.ActiveProfilesUtils - Could not find an 'annotation declaring class' for annotation type [org.springframework.test.context.ActiveProfiles] and class [chat.project.ProjectApplicationTests]
22:32:14.553 [Test worker] DEBUG org.springframework.context.annotation.ClassPathScanningCandidateComponentProvider - Identified candidate component class: file [/Users/youtaegeun/Downloads/project/build/classes/java/main/chat/project/ProjectApplication.class]
22:32:14.561 [Test worker] INFO org.springframework.boot.test.context.SpringBootTestContextBootstrapper - Found @SpringBootConfiguration chat.project.ProjectApplication for test class chat.project.ProjectApplicationTests
22:32:14.748 [Test worker] DEBUG org.springframework.boot.test.context.SpringBootTestContextBootstrapper - @TestExecutionListeners is not present for class [chat.project.ProjectApplicationTests]: using defaults.
22:32:14.749 [Test worker] INFO org.springframework.boot.test.context.SpringBootTestContextBootstrapper - Loaded default TestExecutionListener class names from location [META-INF/spring.factories]: [org.springframework.boot.test.autoconfigure.restdocs.RestDocsTestExecutionListener, org.springframework.boot.test.autoconfigure.web.client.MockRestServiceServerResetTestExecutionListener, org.springframework.boot.test.autoconfigure.web.servlet.MockMvcPrintOnlyOnFailureTestExecutionListener, org.springframework.boot.test.autoconfigure.web.servlet.WebDriverTestExecutionListener, org.springframework.boot.test.autoconfigure.webservices.client.MockWebServiceServerTestExecutionListener, org.springframework.boot.test.mock.mockito.MockitoTestExecutionListener, org.springframework.boot.test.mock.mockito.ResetMocksTestExecutionListener, org.springframework.test.context.web.ServletTestExecutionListener, org.springframework.test.context.support.DirtiesContextBeforeModesTestExecutionListener, org.springframework.test.context.event.ApplicationEventsTestExecutionListener, org.springframework.test.context.support.DependencyInjectionTestExecutionListener, org.springframework.test.context.support.DirtiesContextTestExecutionListener, org.springframework.test.context.transaction.TransactionalTestExecutionListener, org.springframework.test.context.jdbc.SqlScriptsTestExecutionListener, org.springframework.test.context.event.EventPublishingTestExecutionListener]
22:32:14.759 [Test worker] DEBUG org.springframework.boot.test.context.SpringBootTestContextBootstrapper - Skipping candidate TestExecutionListener [org.springframework.test.context.transaction.TransactionalTestExecutionListener] due to a missing dependency. Specify custom listener classes or make the default listener classes and their required dependencies available. Offending class: [org/springframework/transaction/interceptor/TransactionAttributeSource]
22:32:14.759 [Test worker] DEBUG org.springframework.boot.test.context.SpringBootTestContextBootstrapper - Skipping candidate TestExecutionListener [org.springframework.test.context.jdbc.SqlScriptsTestExecutionListener] due to a missing dependency. Specify custom listener classes or make the default listener classes and their required dependencies available. Offending class: [org/springframework/transaction/interceptor/TransactionAttribute]
22:32:14.760 [Test worker] INFO org.springframework.boot.test.context.SpringBootTestContextBootstrapper - Using TestExecutionListeners: [org.springframework.test.context.web.ServletTestExecutionListener@173b9122, org.springframework.test.context.support.DirtiesContextBeforeModesTestExecutionListener@7c18432b, org.springframework.test.context.event.ApplicationEventsTestExecutionListener@7646731d, org.springframework.boot.test.mock.mockito.MockitoTestExecutionListener@70e29e14, org.springframework.boot.test.autoconfigure.SpringBootDependencyInjectionTestExecutionListener@3b1bb3ab, org.springframework.test.context.support.DirtiesContextTestExecutionListener@5a4bef8, org.springframework.test.context.event.EventPublishingTestExecutionListener@40bffbca, org.springframework.boot.test.autoconfigure.restdocs.RestDocsTestExecutionListener@2449cff7, org.springframework.boot.test.autoconfigure.web.client.MockRestServiceServerResetTestExecutionListener@42a9a63e, org.springframework.boot.test.autoconfigure.web.servlet.MockMvcPrintOnlyOnFailureTestExecutionListener@62da83ed, org.springframework.boot.test.autoconfigure.web.servlet.WebDriverTestExecutionListener@5d8445d7, org.springframework.boot.test.autoconfigure.webservices.client.MockWebServiceServerTestExecutionListener@37d80fe7, org.springframework.boot.test.mock.mockito.ResetMocksTestExecutionListener@384fc774]
22:32:14.768 [Test worker] DEBUG org.springframework.test.context.support.AbstractDirtiesContextTestExecutionListener - Before test class: context [DefaultTestContext@2db2cd5 testClass = ProjectApplicationTests, testInstance = [null], testMethod = [null], testException = [null], mergedContextConfiguration = [WebMergedContextConfiguration@70e659aa testClass = ProjectApplicationTests, locations = '{}', classes = '{class chat.project.ProjectApplication}', contextInitializerClasses = '[]', activeProfiles = '{}', propertySourceLocations = '{}', propertySourceProperties = '{org.springframework.boot.test.context.SpringBootTestContextBootstrapper=true}', contextCustomizers = set[org.springframework.boot.test.autoconfigure.actuate.metrics.MetricsExportContextCustomizerFactory$DisableMetricExportContextCustomizer@765f05af, org.springframework.boot.test.autoconfigure.properties.PropertyMappingContextCustomizer@0, org.springframework.boot.test.autoconfigure.web.servlet.WebDriverContextCustomizerFactory$Customizer@3543df7d, org.springframework.boot.test.context.filter.ExcludeFilterContextCustomizer@1e7aa82b, org.springframework.boot.test.json.DuplicateJsonObjectContextCustomizerFactory$DuplicateJsonObjectContextCustomizer@1c6804cd, org.springframework.boot.test.mock.mockito.MockitoContextCustomizer@0, org.springframework.boot.test.web.client.TestRestTemplateContextCustomizer@488eb7f2, org.springframework.boot.test.context.SpringBootTestArgs@1, org.springframework.boot.test.context.SpringBootTestWebEnvironment@4ee203eb], resourceBasePath = 'src/main/webapp', contextLoader = 'org.springframework.boot.test.context.SpringBootContextLoader', parent = [null]], attributes = map['org.springframework.test.context.web.ServletTestExecutionListener.activateListener' -> true]], class annotated with @DirtiesContext [false] with mode [null].

  .   ____          _            __ _ _
 /\\ / ___'_ __ _ _(_)_ __  __ _ \ \ \ \
( ( )\___ | '_ | '_| | '_ \/ _` | \ \ \ \
 \\/  ___)| |_)| | | | | || (_| |  ) ) ) )
  '  |____| .__|_| |_|_| |_\__, | / / / /
 =========|_|==============|___/=/_/_/_/
 :: Spring Boot ::                (v2.7.2)

2022-08-05 22:32:15.699  INFO 83377 --- [    Test worker] chat.project.ProjectApplicationTests     : Starting ProjectApplicationTests using Java 11.0.15.1 on yutaegecBookPro with PID 83377 (started by youtaegeun in /Users/youtaegeun/Downloads/project)
2022-08-05 22:32:15.704  INFO 83377 --- [    Test worker] chat.project.ProjectApplicationTests     : No active profile set, falling back to 1 default profile: "default"
2022-08-05 22:32:22.213  WARN 83377 --- [    Test worker] ion$DefaultTemplateResolverConfiguration : Cannot find template location: classpath:/templates/ (please add some templates or check your Thymeleaf configuration)
2022-08-05 22:32:22.405  INFO 83377 --- [    Test worker] o.s.m.s.b.SimpleBrokerMessageHandler     : Starting...
2022-08-05 22:32:22.405  INFO 83377 --- [    Test worker] o.s.m.s.b.SimpleBrokerMessageHandler     : BrokerAvailabilityEvent[available=true, SimpleBrokerMessageHandler [org.springframework.messaging.simp.broker.DefaultSubscriptionRegistry@57186526]]
2022-08-05 22:32:22.406  INFO 83377 --- [    Test worker] o.s.m.s.b.SimpleBrokerMessageHandler     : Started.
2022-08-05 22:32:22.424  INFO 83377 --- [    Test worker] chat.project.ProjectApplicationTests     : Started ProjectApplicationTests in 7.568 seconds (JVM running for 10.653)
]]></system-out>
  <system-err><![CDATA[]]></system-err>
</testsuite>
